<?xml version="1.0" encoding="UTF-8"?>
<testng-results skipped="0" failed="0" ignored="0" total="1" passed="1">
  <reporter-output>
    <line>
      <![CDATA[Product created successfully]]>
    </line>
  </reporter-output>
  <suite name="Default suite" duration-ms="70920" started-at="2020-06-28T05:55:10Z" finished-at="2020-06-28T05:56:21Z">
    <groups>
    </groups>
    <test name="Default test" duration-ms="70920" started-at="2020-06-28T05:55:10Z" finished-at="2020-06-28T05:56:21Z">
      <class name="com.Vtiger.TestScript.CreateProductTest">
        <test-method status="PASS" signature="configBS()[pri:0, instance:com.Vtiger.TestScript.CreateProductTest@1e88b3c]" name="configBS" is-config="true" duration-ms="50" started-at="2020-06-28T11:25:10Z" finished-at="2020-06-28T11:25:10Z">
          <reporter-output>
          </reporter-output>
        </test-method> <!-- configBS -->
        <test-method status="PASS" signature="configBC()[pri:0, instance:com.Vtiger.TestScript.CreateProductTest@1e88b3c]" name="configBC" is-config="true" duration-ms="17062" started-at="2020-06-28T11:25:11Z" finished-at="2020-06-28T11:25:28Z">
          <reporter-output>
          </reporter-output>
        </test-method> <!-- configBC -->
        <test-method status="PASS" signature="configBM()[pri:0, instance:com.Vtiger.TestScript.CreateProductTest@1e88b3c]" name="configBM" is-config="true" duration-ms="7682" started-at="2020-06-28T11:25:28Z" finished-at="2020-06-28T11:25:35Z">
          <reporter-output>
          </reporter-output>
        </test-method> <!-- configBM -->
        <test-method status="PASS" signature="ProductCreation()[pri:0, instance:com.Vtiger.TestScript.CreateProductTest@1e88b3c]" name="ProductCreation" duration-ms="41315" started-at="2020-06-28T11:25:35Z" finished-at="2020-06-28T11:26:17Z">
          <reporter-output>
            <line>
              <![CDATA[Product created successfully]]>
            </line>
          </reporter-output>
        </test-method> <!-- ProductCreation -->
        <test-method status="PASS" signature="configAM()[pri:0, instance:com.Vtiger.TestScript.CreateProductTest@1e88b3c]" name="configAM" is-config="true" duration-ms="3777" started-at="2020-06-28T11:26:17Z" finished-at="2020-06-28T11:26:20Z">
          <reporter-output>
          </reporter-output>
        </test-method> <!-- configAM -->
        <test-method status="PASS" signature="cofigAC()[pri:0, instance:com.Vtiger.TestScript.CreateProductTest@1e88b3c]" name="cofigAC" is-config="true" duration-ms="969" started-at="2020-06-28T11:26:20Z" finished-at="2020-06-28T11:26:21Z">
          <reporter-output>
          </reporter-output>
        </test-method> <!-- cofigAC -->
        <test-method status="PASS" signature="configAS()[pri:0, instance:com.Vtiger.TestScript.CreateProductTest@1e88b3c]" name="configAS" is-config="true" duration-ms="0" started-at="2020-06-28T11:26:22Z" finished-at="2020-06-28T11:26:22Z">
          <reporter-output>
          </reporter-output>
        </test-method> <!-- configAS -->
      </class> <!-- com.Vtiger.TestScript.CreateProductTest -->
    </test> <!-- Default test -->
  </suite> <!-- Default suite -->
</testng-results>
