<?xml version="1.0" encoding="UTF-8"?>
<!-- Generated by org.testng.reporters.JUnitXMLReporter -->
<testsuite hostname="SHUBHENDU" ignored="4" name="Test" tests="3" failures="0" timestamp="05 Jul 2020 08:00:09 GMT" time="186.358" errors="0">
  <testcase name="OrganisationCreation" time="50.266" classname="com.Vtiger.TestScript.CreateOrganisationTest"/>
  <testcase name="ProductCreation" time="34.747" classname="com.Vtiger.TestScript.CreateProductTest"/>
  <testcase name="LeadCreation" time="31.619" classname="com.Vtiger.TestScript.CreateLeadTest"/>
  <testcase name="@BeforeSuite configBS" time="0.0" classname="com.Vtiger.genericLib.BaseClass">
    <ignored/>
  </testcase> <!-- @BeforeSuite configBS -->
  <testcase name="@BeforeSuite configBS" time="0.0" classname="com.Vtiger.genericLib.BaseClass">
    <ignored/>
  </testcase> <!-- @BeforeSuite configBS -->
  <testcase name="@AfterSuite configAS" time="0.0" classname="com.Vtiger.genericLib.BaseClass">
    <ignored/>
  </testcase> <!-- @AfterSuite configAS -->
  <testcase name="@AfterSuite configAS" time="0.0" classname="com.Vtiger.genericLib.BaseClass">
    <ignored/>
  </testcase> <!-- @AfterSuite configAS -->
</testsuite> <!-- Test -->
